<?xml version="1.0" encoding="UTF-8"?>
<testng-results ignored="0" total="5" passed="5" failed="0" skipped="0">
  <reporter-output>
  </reporter-output>
  <suite started-at="2026-02-26T19:03:50 CST" name="Default suite" finished-at="2026-02-26T19:03:50 CST" duration-ms="498">
    <groups>
    </groups>
    <test started-at="2026-02-26T19:03:50 CST" name="Default test" finished-at="2026-02-26T19:03:50 CST" duration-ms="498">
      <class name="TestsDataDriven.TestDataDrivenImplementation">
        <test-method signature="ExcelDataDrivenTest(java.lang.String,java.lang.String,java.lang.String,java.lang.String)[pri:0, instance:TestsDataDriven.TestDataDrivenImplementation@62ef27a8]" started-at="2026-02-26T19:03:50 CST" name="ExcelDataDrivenTest" data-provider="driverTest" finished-at="2026-02-26T19:03:50 CST" duration-ms="6" status="PASS">
          <params>
            <param index="0">
              <value>
                <![CDATA[asdasd]]>
              </value>
            </param>
            <param index="1">
              <value>
                <![CDATA[ad]]>
              </value>
            </param>
            <param index="2">
              <value>
                <![CDATA[sad]]>
              </value>
            </param>
            <param index="3">
              <value>
                <![CDATA[asdasd]]>
              </value>
            </param>
          </params>
          <reporter-output>
          </reporter-output>
        </test-method> <!-- ExcelDataDrivenTest -->
        <test-method signature="ExcelDataDrivenTest(java.lang.String,java.lang.String,java.lang.String,java.lang.String)[pri:0, instance:TestsDataDriven.TestDataDrivenImplementation@62ef27a8]" started-at="2026-02-26T19:03:50 CST" name="ExcelDataDrivenTest" data-provider="driverTest" finished-at="2026-02-26T19:03:50 CST" duration-ms="1" status="PASS">
          <params>
            <param index="0">
              <value>
                <![CDATA[das]]>
              </value>
            </param>
            <param index="1">
              <value>
                <![CDATA[asd]]>
              </value>
            </param>
            <param index="2">
              <value>
                <![CDATA[asd]]>
              </value>
            </param>
            <param index="3">
              <value>
                <![CDATA[da]]>
              </value>
            </param>
          </params>
          <reporter-output>
          </reporter-output>
        </test-method> <!-- ExcelDataDrivenTest -->
        <test-method signature="ExcelDataDrivenTest(java.lang.String,java.lang.String,java.lang.String,java.lang.String)[pri:0, instance:TestsDataDriven.TestDataDrivenImplementation@62ef27a8]" started-at="2026-02-26T19:03:50 CST" name="ExcelDataDrivenTest" data-provider="driverTest" finished-at="2026-02-26T19:03:50 CST" duration-ms="1" status="PASS">
          <params>
            <param index="0">
              <value>
                <![CDATA[asdasd]]>
              </value>
            </param>
            <param index="1">
              <value>
                <![CDATA[asd]]>
              </value>
            </param>
            <param index="2">
              <value>
                <![CDATA[1]]>
              </value>
            </param>
            <param index="3">
              <value>
                <![CDATA[sdsadas]]>
              </value>
            </param>
          </params>
          <reporter-output>
          </reporter-output>
        </test-method> <!-- ExcelDataDrivenTest -->
        <test-method signature="ExcelDataDrivenTest(java.lang.String,java.lang.String,java.lang.String,java.lang.String)[pri:0, instance:TestsDataDriven.TestDataDrivenImplementation@62ef27a8]" started-at="2026-02-26T19:03:50 CST" name="ExcelDataDrivenTest" data-provider="driverTest" finished-at="2026-02-26T19:03:50 CST" duration-ms="1" status="PASS">
          <params>
            <param index="0">
              <value>
                <![CDATA[dsa]]>
              </value>
            </param>
            <param index="1">
              <value>
                <![CDATA[ads]]>
              </value>
            </param>
            <param index="2">
              <value>
                <![CDATA[a]]>
              </value>
            </param>
            <param index="3">
              <value>
                <![CDATA[dasd]]>
              </value>
            </param>
          </params>
          <reporter-output>
          </reporter-output>
        </test-method> <!-- ExcelDataDrivenTest -->
        <test-method signature="ExcelDataDrivenTest(java.lang.String,java.lang.String,java.lang.String,java.lang.String)[pri:0, instance:TestsDataDriven.TestDataDrivenImplementation@62ef27a8]" started-at="2026-02-26T19:03:50 CST" name="ExcelDataDrivenTest" data-provider="driverTest" finished-at="2026-02-26T19:03:50 CST" duration-ms="0" status="PASS">
          <params>
            <param index="0">
              <value>
                <![CDATA[asdasd]]>
              </value>
            </param>
            <param index="1">
              <value>
                <![CDATA[asd]]>
              </value>
            </param>
            <param index="2">
              <value>
                <![CDATA[sgsda]]>
              </value>
            </param>
            <param index="3">
              <value>
                <![CDATA[sadsad]]>
              </value>
            </param>
          </params>
          <reporter-output>
          </reporter-output>
        </test-method> <!-- ExcelDataDrivenTest -->
      </class> <!-- TestsDataDriven.TestDataDrivenImplementation -->
    </test> <!-- Default test -->
  </suite> <!-- Default suite -->
</testng-results>
