<?xml version="1.0" encoding="UTF-8"?>
<testng-results ignored="0" total="1" passed="1" failed="0" skipped="0">
  <reporter-output>
  </reporter-output>
  <suite started-at="2026-02-23T20:13:46 CST" name="Default suite" finished-at="2026-02-23T20:13:47 CST" duration-ms="692">
    <groups>
    </groups>
    <test started-at="2026-02-23T20:13:46 CST" name="Default test" finished-at="2026-02-23T20:13:47 CST" duration-ms="692">
      <class name="TestsDataDriven.TestDataDrivenImplementation">
        <test-method signature="ExcelDataDrivenTest(java.lang.String,java.lang.String,java.lang.String,java.lang.String)[pri:0, instance:TestsDataDriven.TestDataDrivenImplementation@1283bb96]" started-at="2026-02-23T20:13:47 CST" name="ExcelDataDrivenTest" data-provider="ExcelData" finished-at="2026-02-23T20:13:47 CST" duration-ms="6" status="PASS">
          <params>
            <param index="0">
              <value>
                <![CDATA[das]]>
              </value>
            </param>
            <param index="1">
              <value>
                <![CDATA[asd]]>
              </value>
            </param>
            <param index="2">
              <value>
                <![CDATA[1]]>
              </value>
            </param>
            <param index="3">
              <value>
                <![CDATA[da]]>
              </value>
            </param>
          </params>
          <reporter-output>
          </reporter-output>
        </test-method> <!-- ExcelDataDrivenTest -->
      </class> <!-- TestsDataDriven.TestDataDrivenImplementation -->
    </test> <!-- Default test -->
  </suite> <!-- Default suite -->
</testng-results>
