<?xml version="1.0" encoding="UTF-8"?>
<!-- Generated by org.testng.reporters.JUnitXMLReporter -->
<testsuite ignored="1" hostname="DESKTOP-19SP90M" failures="0" tests="1" name="Default test" time="5.016" errors="0" timestamp="2025-11-12T22:02:25 CST">
  <testcase classname="freddycomapany.ecommerceaplication.Tests.ErrorValidation" name="validationLoginFailed" time="0.535"/>
  <testcase classname="freddycomapany.ecommerceaplication.Tests.ErrorValidation" name="validateProductIsAddInCard" time="0.0">
    <ignored/>
  </testcase> <!-- validateProductIsAddInCard -->
</testsuite> <!-- Default test -->
