<?xml version="1.0" encoding="UTF-8"?>
<!-- Generated by org.testng.reporters.JUnitXMLReporter -->
<testsuite ignored="0" hostname="DESKTOP-19SP90M" failures="0" tests="5" name="Default test" time="0.498" errors="0" timestamp="2026-02-26T19:03:50 CST">
  <testcase classname="TestsDataDriven.TestDataDrivenImplementation" name="ExcelDataDrivenTest" time="0.006"/>
  <testcase classname="TestsDataDriven.TestDataDrivenImplementation" name="ExcelDataDrivenTest" time="0.001"/>
  <testcase classname="TestsDataDriven.TestDataDrivenImplementation" name="ExcelDataDrivenTest" time="0.001"/>
  <testcase classname="TestsDataDriven.TestDataDrivenImplementation" name="ExcelDataDrivenTest" time="0.001"/>
  <testcase classname="TestsDataDriven.TestDataDrivenImplementation" name="ExcelDataDrivenTest" time="0.0"/>
</testsuite> <!-- Default test -->
