<?xml version="1.0" encoding="UTF-8"?>
<!-- Generated by org.testng.reporters.JUnitReportReporter -->
<testsuite hostname="DESKTOP-19SP90M" failures="0" tests="5" name="TestsDataDriven.TestDataDrivenImplementation" time="0.009" errors="0" timestamp="2026-02-26T19:03:50 CST" skipped="0">
  <testcase classname="TestsDataDriven.TestDataDrivenImplementation" name="ExcelDataDrivenTest" time="0.001"/>
  <testcase classname="TestsDataDriven.TestDataDrivenImplementation" name="ExcelDataDrivenTest" time="0.001"/>
  <testcase classname="TestsDataDriven.TestDataDrivenImplementation" name="ExcelDataDrivenTest" time="0.001"/>
  <testcase classname="TestsDataDriven.TestDataDrivenImplementation" name="ExcelDataDrivenTest" time="0.000"/>
  <testcase classname="TestsDataDriven.TestDataDrivenImplementation" name="ExcelDataDrivenTest" time="0.006"/>
</testsuite> <!-- TestsDataDriven.TestDataDrivenImplementation -->
