<?xml version="1.0" encoding="UTF-8"?>
<!-- Generated by org.testng.reporters.JUnitReportReporter -->
<testsuite hostname="FreddyGarcía" failures="0" tests="3" name="test.PracticeOne" time="0.016" errors="0" timestamp="2025-09-29T18:16:39 CST" skipped="0">
  <testcase classname="test.PracticeOne" name="Practice1RegisterPage" time="0.013"/>
  <testcase classname="test.PracticeOne" name="Practice1loginPage" time="0.001"/>
  <testcase classname="test.PracticeOne" name="Practice1authPage" time="0.002"/>
</testsuite> <!-- test.PracticeOne -->
