<?xml version="1.0" encoding="UTF-8"?>
<!-- Generated by org.testng.reporters.JUnitReportReporter -->
<testsuite hostname="FreddyGarcía" failures="0" tests="3" name="test.Practice3" time="0.005" errors="0" timestamp="2025-09-29T18:16:39 CST" skipped="0">
  <testcase classname="test.Practice3" name="Practice2Api" time="0.003"/>
  <testcase classname="test.Practice3" name="Practice3WebPage" time="0.001"/>
  <testcase classname="test.Practice3" name="Practice3Mobile" time="0.001"/>
</testsuite> <!-- test.Practice3 -->
