<?xml version="1.0" encoding="UTF-8"?>
<!-- Generated by org.testng.reporters.JUnitReportReporter -->
<testsuite hostname="FreddyGarcía" failures="0" tests="3" name="test.Practice4" time="0.005" errors="0" timestamp="2025-09-29T18:16:39 CST" skipped="0">
  <testcase classname="test.Practice4" name="Practice4Api3" time="0.002"/>
  <testcase classname="test.Practice4" name="Practice4Api2" time="0.002"/>
  <testcase classname="test.Practice4" name="Practice4Api" time="0.001"/>
</testsuite> <!-- test.Practice4 -->
