<?xml version="1.0" encoding="UTF-8"?>
<!-- Generated by org.testng.reporters.JUnitXMLReporter -->
<testsuite ignored="0" hostname="DESKTOP-19SP90M" failures="0" tests="2" name="Errors Validation" time="8.825" errors="0" timestamp="2025-11-12T22:04:15 CST">
  <testcase classname="freddycomapany.ecommerceaplication.Tests.ErrorValidation" name="validationLoginFailed" time="0.523"/>
  <testcase classname="freddycomapany.ecommerceaplication.Tests.ErrorValidation" name="validateProductIsAddInCard" time="3.929"/>
</testsuite> <!-- Errors Validation -->
