<?xml version="1.0" encoding="UTF-8"?>
<!-- Generated by org.testng.reporters.JUnitXMLReporter -->
<testsuite ignored="0" hostname="DESKTOP-19SP90M" failures="1" tests="3" name="Errors Validation" time="114.491" errors="0" timestamp="2025-11-10T18:52:45 CST">
  <testcase classname="freddycomapany.ecommerceaplication.Tests.ErrorValidation" name="validateProductIsAddInCard" time="12.087"/>
  <testcase classname="freddycomapany.ecommerceaplication.Tests.ErrorValidation" name="validationLoginFailed" time="15.452">
    <skipped/>
  </testcase> <!-- validationLoginFailed -->
  <testcase classname="freddycomapany.ecommerceaplication.Tests.ErrorValidation" name="validationLoginFailed" time="1.583">
    <failure type="java.lang.AssertionError" message="expected [Incorrect email or passwod.] but found [Incorrect email or password.]">
      <![CDATA[java.lang.AssertionError: expected [Incorrect email or passwod.] but found [Incorrect email or password.]
at freddycomapany.ecommerceaplication.Tests.ErrorValidation.validationLoginFailed(ErrorValidation.java:20)
at java.base/java.util.ArrayList.forEach(ArrayList.java:1596)
at java.base/java.util.concurrent.FutureTask.run(FutureTask.java:317)
at java.base/java.util.concurrent.ThreadPoolExecutor.runWorker(ThreadPoolExecutor.java:1144)
at java.base/java.util.concurrent.ThreadPoolExecutor$Worker.run(ThreadPoolExecutor.java:642)
at java.base/java.lang.Thread.run(Thread.java:1583)
... Removed 21 stack frames]]>
    </failure>
  </testcase> <!-- validationLoginFailed -->
</testsuite> <!-- Errors Validation -->
