<?xml version="1.0" encoding="UTF-8"?>
<!-- Generated by org.testng.reporters.JUnitXMLReporter -->
<testsuite ignored="2" hostname="DESKTOP-19SP90M" failures="0" tests="0" time="0.006" errors="0" timestamp="2025-11-10T18:50:51 CST">
  <testcase classname="freddycomapany.ecommerceaplication.Tests.BuyPath" name="ReadAndBuyProducts" time="0.0">
    <ignored/>
  </testcase> <!-- ReadAndBuyProducts -->
  <testcase classname="freddycomapany.ecommerceaplication.Tests.BuyPath" name="ValidateProductHistory" time="0.0">
    <ignored/>
  </testcase> <!-- ValidateProductHistory -->
</testsuite>
