<?xml version="1.0" encoding="UTF-8"?>
<!-- Generated by org.testng.reporters.JUnitXMLReporter -->
<testsuite ignored="0" hostname="DESKTOP-19SP90M" failures="0" tests="3" name="Summit Order" time="25.019" errors="0" timestamp="2025-11-12T22:04:07 CST">
  <testcase classname="freddycomapany.ecommerceaplication.Tests.BuyPath" name="ReadAndBuyProducts" time="5.293"/>
  <testcase classname="freddycomapany.ecommerceaplication.Tests.BuyPath" name="ReadAndBuyProducts" time="5.855"/>
  <testcase classname="freddycomapany.ecommerceaplication.Tests.BuyPath" name="ValidateProductHistory" time="1.724"/>
</testsuite> <!-- Summit Order -->
