<?xml version="1.0" encoding="UTF-8"?>
<testng-results ignored="0" total="1" passed="1" failed="0" skipped="0">
  <reporter-output>
  </reporter-output>
  <suite started-at="2026-07-09T22:18:24 CST" name="Default suite" finished-at="2026-07-09T22:18:27 CST" duration-ms="3375">
    <groups>
    </groups>
    <test started-at="2026-07-09T22:18:24 CST" name="Default test" finished-at="2026-07-09T22:18:27 CST" duration-ms="3375">
      <class name="Taks.NetworkCallsManage">
        <test-method signature="MovileDevToolsTest()[pri:0, instance:Taks.NetworkCallsManage@4135c3b]" started-at="2026-07-09T22:18:24 CST" name="MovileDevToolsTest" finished-at="2026-07-09T22:18:27 CST" duration-ms="3350" status="PASS">
          <reporter-output>
          </reporter-output>
        </test-method> <!-- MovileDevToolsTest -->
      </class> <!-- Taks.NetworkCallsManage -->
    </test> <!-- Default test -->
  </suite> <!-- Default suite -->
</testng-results>
