<?xml version="1.0" encoding="UTF-8"?>
<testng-results ignored="0" total="1" passed="1" failed="0" skipped="0">
  <reporter-output>
  </reporter-output>
  <suite started-at="2026-08-11T22:44:08 CST" name="Default suite" finished-at="2026-08-11T22:44:12 CST" duration-ms="3214">
    <groups>
    </groups>
    <test started-at="2026-08-11T22:44:08 CST" name="Default test" finished-at="2026-08-11T22:44:12 CST" duration-ms="3214">
      <class name="Taks.BlockUrlsRequestsTest">
        <test-method signature="BlockUrlsRequestsCase()[pri:0, instance:Taks.BlockUrlsRequestsTest@4c371370]" started-at="2026-08-11T22:44:08 CST" name="BlockUrlsRequestsCase" finished-at="2026-08-11T22:44:12 CST" duration-ms="3190" status="PASS">
          <reporter-output>
          </reporter-output>
        </test-method> <!-- BlockUrlsRequestsCase -->
      </class> <!-- Taks.BlockUrlsRequestsTest -->
    </test> <!-- Default test -->
  </suite> <!-- Default suite -->
</testng-results>
