<?xml version="1.0" encoding="UTF-8"?>
<!-- Generated by org.testng.reporters.JUnitXMLReporter -->
<testsuite ignored="0" hostname="DESKTOP-19SP90M" failures="0" tests="2" name="Errors Validation" time="77.994" errors="0" timestamp="2025-11-13T19:05:49 CST">
  <testcase classname="freddycomapany.ecommerceaplication.Tests.ErrorValidation" name="validationLoginFailed" time="1.056"/>
  <testcase classname="freddycomapany.ecommerceaplication.Tests.ErrorValidation" name="validateProductIsAddInCard" time="9.833"/>
</testsuite> <!-- Errors Validation -->
