<?xml version="1.0" encoding="UTF-8"?>
<testsuite xmlns:xsi="http://www.w3.org/2001/XMLSchema-instance" xsi:noNamespaceSchemaLocation="https://maven.apache.org/surefire/maven-surefire-plugin/xsd/surefire-test-report.xsd" version="3.0.2" name="freddycomapany.ecommerceaplication.Cucumber.testNGTestRunner" time="11.295" tests="1" errors="0" skipped="0" failures="0">
  <properties>
[...]
</properties>
  <testcase name="runScenario[&quot;Check Out Order Process&quot;, &quot;Summit Order&quot;](1)" classname="freddycomapany.ecommerceaplication.Cucumber.testNGTestRunner" time="10.521">
    <system-out><![CDATA[
@Tags @Regression
Scenario Outline: Check Out Order Process                                  # src/test/java/freddycomapany/ecommerceaplication/Cucumber/summitOrder.feature:16
  ✔ Given landing to ecommerce page                                        # freddycomapany.ecommerceaplication.StepsDefinitions.StepDefinitionsImple.landing_to_ecommerce_page()
  ✔ Given that user login with prueba2@hotmail.comX and g3sUYi@2NmPHT67    # freddycomapany.ecommerceaplication.StepsDefinitions.StepDefinitionsImple.that_user_login_with_username_and_password(java.lang.String,java.lang.String)
  ✔ When add product ZARA COAT 3 to card and go it                         # freddycomapany.ecommerceaplication.StepsDefinitions.StepDefinitionsImple.add_product_productname_to_card_and_go_it(java.lang.String)
  ✔ And check out the product ZARA COAT 3 in country ind and finally india # freddycomapany.ecommerceaplication.StepsDefinitions.StepDefinitionsImple.check_out_the_product_vars_in_country_intial_vars_and_finally_vars(java.lang.String,java.lang.String,java.lang.String)
  ✔ Then must displayed "THANKYOU FOR THE ORDER." susses messages          # freddycomapany.ecommerceaplication.StepsDefinitions.StepDefinitionsImple.must_displayed_string_susses_messages(java.lang.String)
]]></system-out>
    <system-err><![CDATA[SLF4J(W): No SLF4J providers were found.
SLF4J(W): Defaulting to no-operation (NOP) logger implementation
SLF4J(W): See https://www.slf4j.org/codes.html#noProviders for further details.
nov 13, 2025 8:03:39 P. M. org.openqa.selenium.devtools.CdpVersionFinder findNearestMatch
WARNING: Unable to find an exact match for CDP version 142, returning the closest version; found: 139; Please update to a Selenium version that supports CDP version 142
]]></system-err>
  </testcase>
</testsuite>