<?xml version="1.0" encoding="UTF-8"?>
<testng-results ignored="0" total="1" passed="1" failed="0" skipped="0">
  <reporter-output>
  </reporter-output>
  <suite started-at="2025-11-10T19:33:16 CST" name="Surefire suite" finished-at="2025-11-10T19:33:50 CST" duration-ms="34264">
    <groups>
      <group name="cucumber">
        <method signature="AbstractTestNGCucumberTests.runScenario(io.cucumber.testng.PickleWrapper,io.cucumber.testng.FeatureWrapper)[pri:0, instance:freddycomapany.ecommerceaplication.Cucumber.testNGTestRunner@2c767a52]" name="runScenario" class="io.cucumber.testng.AbstractTestNGCucumberTests"/>
      </group> <!-- cucumber -->
    </groups>
    <test started-at="2025-11-10T19:33:16 CST" name="Surefire test" finished-at="2025-11-10T19:33:50 CST" duration-ms="34264">
      <class name="freddycomapany.ecommerceaplication.Cucumber.testNGTestRunner">
        <test-method is-config="true" signature="setUpClass(org.testng.ITestContext)[pri:0, instance:freddycomapany.ecommerceaplication.Cucumber.testNGTestRunner@2c767a52]" started-at="2025-11-10T19:33:16 CST" name="setUpClass" finished-at="2025-11-10T19:33:16 CST" duration-ms="466" status="PASS">
          <params>
            <param index="0">
              <value>
                <![CDATA[org.testng.TestRunner@4ac86d6a]]>
              </value>
            </param>
          </params>
          <reporter-output>
          </reporter-output>
        </test-method> <!-- setUpClass -->
        <test-method signature="runScenario(io.cucumber.testng.PickleWrapper,io.cucumber.testng.FeatureWrapper)[pri:0, instance:freddycomapany.ecommerceaplication.Cucumber.testNGTestRunner@2c767a52]" started-at="2025-11-10T19:33:16 CST" name="runScenario" description="Runs Cucumber Scenarios" data-provider="scenarios" finished-at="2025-11-10T19:33:50 CST" duration-ms="33716" status="PASS">
          <params>
            <param index="0">
              <value>
                <![CDATA["Check Out Order Process"]]>
              </value>
            </param>
            <param index="1">
              <value>
                <![CDATA["Summit Order"]]>
              </value>
            </param>
          </params>
          <reporter-output>
          </reporter-output>
        </test-method> <!-- runScenario -->
        <test-method is-config="true" signature="tearDownClass()[pri:0, instance:freddycomapany.ecommerceaplication.Cucumber.testNGTestRunner@2c767a52]" started-at="2025-11-10T19:33:50 CST" name="tearDownClass" finished-at="2025-11-10T19:33:50 CST" duration-ms="47" status="PASS">
          <reporter-output>
          </reporter-output>
        </test-method> <!-- tearDownClass -->
      </class> <!-- freddycomapany.ecommerceaplication.Cucumber.testNGTestRunner -->
    </test> <!-- Surefire test -->
  </suite> <!-- Surefire suite -->
</testng-results>
