<?xml version="1.0" encoding="UTF-8"?>
<testng-results ignored="0" total="5" passed="5" failed="0" skipped="0">
  <reporter-output>
  </reporter-output>
  <suite started-at="2025-11-12T22:03:41 CST" name="Suite" finished-at="2025-11-12T22:04:15 CST" duration-ms="34008">
    <groups>
      <group name="Purchase">
        <method signature="BuyPath.ReadAndBuyProducts(java.util.HashMap)[pri:0, instance:freddycomapany.ecommerceaplication.Tests.BuyPath@4b86805d]" name="ReadAndBuyProducts" class="freddycomapany.ecommerceaplication.Tests.BuyPath"/>
      </group> <!-- Purchase -->
      <group name="ErrorValidationTest">
        <method signature="ErrorValidation.validationLoginFailed()[pri:0, instance:freddycomapany.ecommerceaplication.Tests.ErrorValidation@5456afaa]" name="validationLoginFailed" class="freddycomapany.ecommerceaplication.Tests.ErrorValidation"/>
      </group> <!-- ErrorValidationTest -->
    </groups>
    <test started-at="2025-11-12T22:03:41 CST" name="Summit Order" finished-at="2025-11-12T22:04:06 CST" duration-ms="25019">
      <class name="freddycomapany.ecommerceaplication.Tests.BuyPath">
        <test-method is-config="true" signature="launchAplication()[pri:0, instance:freddycomapany.ecommerceaplication.Tests.BuyPath@4b86805d]" started-at="2025-11-12T22:03:42 CST" name="launchAplication" finished-at="2025-11-12T22:03:45 CST" duration-ms="3759" status="PASS">
          <reporter-output>
          </reporter-output>
        </test-method> <!-- launchAplication -->
        <test-method signature="ReadAndBuyProducts(java.util.HashMap)[pri:0, instance:freddycomapany.ecommerceaplication.Tests.BuyPath@4b86805d]" started-at="2025-11-12T22:03:45 CST" name="ReadAndBuyProducts" data-provider="productsToAddJson" finished-at="2025-11-12T22:03:51 CST" duration-ms="5293" status="PASS">
          <params>
            <param index="0">
              <value>
                <![CDATA[{InputCountry=cos, Product=ZARA COAT 3, Country=Costa Rica}]]>
              </value>
            </param>
          </params>
          <reporter-output>
          </reporter-output>
        </test-method> <!-- ReadAndBuyProducts -->
        <test-method is-config="true" signature="closeAplication()[pri:0, instance:freddycomapany.ecommerceaplication.Tests.BuyPath@4b86805d]" started-at="2025-11-12T22:03:51 CST" name="closeAplication" finished-at="2025-11-12T22:03:51 CST" duration-ms="110" status="PASS">
          <reporter-output>
          </reporter-output>
        </test-method> <!-- closeAplication -->
        <test-method is-config="true" signature="launchAplication()[pri:0, instance:freddycomapany.ecommerceaplication.Tests.BuyPath@4b86805d]" started-at="2025-11-12T22:03:51 CST" name="launchAplication" finished-at="2025-11-12T22:03:55 CST" duration-ms="4038" status="PASS">
          <reporter-output>
          </reporter-output>
        </test-method> <!-- launchAplication -->
        <test-method signature="ReadAndBuyProducts(java.util.HashMap)[pri:0, instance:freddycomapany.ecommerceaplication.Tests.BuyPath@4b86805d]" started-at="2025-11-12T22:03:55 CST" name="ReadAndBuyProducts" data-provider="productsToAddJson" finished-at="2025-11-12T22:04:01 CST" duration-ms="5855" status="PASS">
          <params>
            <param index="0">
              <value>
                <![CDATA[{InputCountry=ind, Product=ADIDAS ORIGINAL, Country=India}]]>
              </value>
            </param>
          </params>
          <reporter-output>
          </reporter-output>
        </test-method> <!-- ReadAndBuyProducts -->
        <test-method is-config="true" signature="closeAplication()[pri:0, instance:freddycomapany.ecommerceaplication.Tests.BuyPath@4b86805d]" started-at="2025-11-12T22:04:01 CST" name="closeAplication" finished-at="2025-11-12T22:04:01 CST" duration-ms="97" status="PASS">
          <reporter-output>
          </reporter-output>
        </test-method> <!-- closeAplication -->
        <test-method is-config="true" signature="launchAplication()[pri:0, instance:freddycomapany.ecommerceaplication.Tests.BuyPath@4b86805d]" started-at="2025-11-12T22:04:01 CST" name="launchAplication" finished-at="2025-11-12T22:04:05 CST" duration-ms="3864" status="PASS">
          <reporter-output>
          </reporter-output>
        </test-method> <!-- launchAplication -->
        <test-method signature="ValidateProductHistory()[pri:0, instance:freddycomapany.ecommerceaplication.Tests.BuyPath@4b86805d]" started-at="2025-11-12T22:04:05 CST" name="ValidateProductHistory" finished-at="2025-11-12T22:04:06 CST" depends-on-methods="freddycomapany.ecommerceaplication.Tests.BuyPath.ReadAndBuyProducts" duration-ms="1724" status="PASS">
          <reporter-output>
          </reporter-output>
        </test-method> <!-- ValidateProductHistory -->
        <test-method is-config="true" signature="closeAplication()[pri:0, instance:freddycomapany.ecommerceaplication.Tests.BuyPath@4b86805d]" started-at="2025-11-12T22:04:06 CST" name="closeAplication" finished-at="2025-11-12T22:04:06 CST" duration-ms="109" status="PASS">
          <reporter-output>
          </reporter-output>
        </test-method> <!-- closeAplication -->
      </class> <!-- freddycomapany.ecommerceaplication.Tests.BuyPath -->
    </test> <!-- Summit Order -->
    <test started-at="2025-11-12T22:04:07 CST" name="Errors Validation" finished-at="2025-11-12T22:04:15 CST" duration-ms="8825">
      <class name="freddycomapany.ecommerceaplication.Tests.ErrorValidation">
        <test-method is-config="true" signature="launchAplication()[pri:0, instance:freddycomapany.ecommerceaplication.Tests.ErrorValidation@5456afaa]" started-at="2025-11-12T22:04:07 CST" name="launchAplication" finished-at="2025-11-12T22:04:12 CST" duration-ms="5672" status="PASS">
          <reporter-output>
          </reporter-output>
        </test-method> <!-- launchAplication -->
        <test-method is-config="true" signature="launchAplication()[pri:0, instance:freddycomapany.ecommerceaplication.Tests.ErrorValidation@5456afaa]" started-at="2025-11-12T22:04:07 CST" name="launchAplication" finished-at="2025-11-12T22:04:11 CST" duration-ms="4785" status="PASS">
          <reporter-output>
          </reporter-output>
        </test-method> <!-- launchAplication -->
        <test-method signature="validateProductIsAddInCard()[pri:0, instance:freddycomapany.ecommerceaplication.Tests.ErrorValidation@5456afaa]" started-at="2025-11-12T22:04:11 CST" name="validateProductIsAddInCard" finished-at="2025-11-12T22:04:15 CST" duration-ms="3929" status="PASS">
          <reporter-output>
          </reporter-output>
        </test-method> <!-- validateProductIsAddInCard -->
        <test-method signature="validationLoginFailed()[pri:0, instance:freddycomapany.ecommerceaplication.Tests.ErrorValidation@5456afaa]" started-at="2025-11-12T22:04:12 CST" name="validationLoginFailed" finished-at="2025-11-12T22:04:13 CST" duration-ms="523" status="PASS">
          <reporter-output>
          </reporter-output>
        </test-method> <!-- validationLoginFailed -->
        <test-method is-config="true" signature="closeAplication()[pri:0, instance:freddycomapany.ecommerceaplication.Tests.ErrorValidation@5456afaa]" started-at="2025-11-12T22:04:13 CST" name="closeAplication" finished-at="2025-11-12T22:04:13 CST" duration-ms="86" status="PASS">
          <reporter-output>
          </reporter-output>
        </test-method> <!-- closeAplication -->
        <test-method is-config="true" signature="closeAplication()[pri:0, instance:freddycomapany.ecommerceaplication.Tests.ErrorValidation@5456afaa]" started-at="2025-11-12T22:04:15 CST" name="closeAplication" finished-at="2025-11-12T22:04:15 CST" duration-ms="107" status="PASS">
          <reporter-output>
          </reporter-output>
        </test-method> <!-- closeAplication -->
      </class> <!-- freddycomapany.ecommerceaplication.Tests.ErrorValidation -->
    </test> <!-- Errors Validation -->
  </suite> <!-- Suite -->
</testng-results>
