<?xml version="1.0" encoding="UTF-8"?>
<testng-results retried="1" ignored="2" total="5" passed="1" failed="1" skipped="0">
  <reporter-output>
  </reporter-output>
  <suite started-at="2025-11-10T18:50:51 CST" name="Suite" finished-at="2025-11-10T18:52:45 CST" duration-ms="114491">
    <groups>
      <group name="ErrorValidationTest">
        <method signature="ErrorValidation.validationLoginFailed()[pri:0, instance:freddycomapany.ecommerceaplication.Tests.ErrorValidation@748741cb]" name="validationLoginFailed" class="freddycomapany.ecommerceaplication.Tests.ErrorValidation"/>
      </group> <!-- ErrorValidationTest -->
    </groups>
    <test started-at="2025-11-10T18:50:51 CST" name="Summit Order" finished-at="2025-11-10T18:50:51 CST" duration-ms="6">
    </test> <!-- Summit Order -->
    <test started-at="2025-11-10T18:50:51 CST" name="Errors Validation" finished-at="2025-11-10T18:52:45 CST" duration-ms="114491">
      <class name="freddycomapany.ecommerceaplication.Tests.ErrorValidation">
        <test-method is-config="true" signature="launchAplication()[pri:0, instance:freddycomapany.ecommerceaplication.Tests.ErrorValidation@748741cb]" started-at="2025-11-10T18:50:51 CST" name="launchAplication" finished-at="2025-11-10T18:51:57 CST" duration-ms="66335" status="PASS">
          <reporter-output>
          </reporter-output>
        </test-method> <!-- launchAplication -->
        <test-method signature="validateProductIsAddInCard()[pri:0, instance:freddycomapany.ecommerceaplication.Tests.ErrorValidation@748741cb]" started-at="2025-11-10T18:51:57 CST" name="validateProductIsAddInCard" finished-at="2025-11-10T18:52:09 CST" duration-ms="12087" status="PASS">
          <reporter-output>
          </reporter-output>
        </test-method> <!-- validateProductIsAddInCard -->
        <test-method is-config="true" signature="closeAplication()[pri:0, instance:freddycomapany.ecommerceaplication.Tests.ErrorValidation@748741cb]" started-at="2025-11-10T18:52:09 CST" name="closeAplication" finished-at="2025-11-10T18:52:11 CST" duration-ms="1949" status="PASS">
          <reporter-output>
          </reporter-output>
        </test-method> <!-- closeAplication -->
        <test-method is-config="true" signature="launchAplication()[pri:0, instance:freddycomapany.ecommerceaplication.Tests.ErrorValidation@748741cb]" started-at="2025-11-10T18:52:11 CST" name="launchAplication" finished-at="2025-11-10T18:52:13 CST" duration-ms="1667" status="PASS">
          <reporter-output>
          </reporter-output>
        </test-method> <!-- launchAplication -->
        <test-method retried="true" signature="validationLoginFailed()[pri:0, instance:freddycomapany.ecommerceaplication.Tests.ErrorValidation@748741cb]" started-at="2025-11-10T18:52:13 CST" name="validationLoginFailed" finished-at="2025-11-10T18:52:28 CST" duration-ms="15452" status="SKIP">
          <exception class="java.lang.AssertionError">
            <message>
              <![CDATA[expected [Incorrect email or passwod.] but found [Incorrect email or password.]]]>
            </message>
            <full-stacktrace>
              <![CDATA[java.lang.AssertionError: expected [Incorrect email or passwod.] but found [Incorrect email or password.]
at org.testng.Assert.fail(Assert.java:111)
at org.testng.Assert.failNotEquals(Assert.java:1590)
at org.testng.Assert.assertEqualsImpl(Assert.java:150)
at org.testng.Assert.assertEquals(Assert.java:132)
at org.testng.Assert.assertEquals(Assert.java:656)
at org.testng.Assert.assertEquals(Assert.java:666)
at freddycomapany.ecommerceaplication.Tests.ErrorValidation.validationLoginFailed(ErrorValidation.java:20)
at java.base/jdk.internal.reflect.DirectMethodHandleAccessor.invoke(DirectMethodHandleAccessor.java:103)
at java.base/java.lang.reflect.Method.invoke(Method.java:580)
at org.testng.internal.invokers.MethodInvocationHelper.invokeMethod(MethodInvocationHelper.java:141)
at org.testng.internal.invokers.TestInvoker.invokeMethod(TestInvoker.java:687)
at org.testng.internal.invokers.TestInvoker.invokeTestMethod(TestInvoker.java:230)
at org.testng.internal.invokers.MethodRunner.runInSequence(MethodRunner.java:63)
at org.testng.internal.invokers.TestInvoker$MethodInvocationAgent.invoke(TestInvoker.java:995)
at org.testng.internal.invokers.TestInvoker.invokeTestMethods(TestInvoker.java:203)
at org.testng.internal.invokers.TestMethodWorker.invokeTestMethods(TestMethodWorker.java:154)
at org.testng.internal.invokers.TestMethodWorker.run(TestMethodWorker.java:134)
at java.base/java.util.ArrayList.forEach(ArrayList.java:1596)
at org.testng.TestRunner.privateRun(TestRunner.java:741)
at org.testng.TestRunner.run(TestRunner.java:616)
at org.testng.SuiteRunner.runTest(SuiteRunner.java:421)
at org.testng.SuiteRunner$SuiteWorker.run(SuiteRunner.java:463)
at org.testng.internal.thread.ThreadUtil.lambda$execute$0(ThreadUtil.java:64)
at java.base/java.util.concurrent.FutureTask.run(FutureTask.java:317)
at java.base/java.util.concurrent.ThreadPoolExecutor.runWorker(ThreadPoolExecutor.java:1144)
at java.base/java.util.concurrent.ThreadPoolExecutor$Worker.run(ThreadPoolExecutor.java:642)
at java.base/java.lang.Thread.run(Thread.java:1583)
]]>
            </full-stacktrace>
          </exception> <!-- java.lang.AssertionError -->
          <reporter-output>
          </reporter-output>
        </test-method> <!-- validationLoginFailed -->
        <test-method is-config="true" signature="closeAplication()[pri:0, instance:freddycomapany.ecommerceaplication.Tests.ErrorValidation@748741cb]" started-at="2025-11-10T18:52:28 CST" name="closeAplication" finished-at="2025-11-10T18:52:28 CST" duration-ms="112" status="PASS">
          <reporter-output>
          </reporter-output>
        </test-method> <!-- closeAplication -->
        <test-method is-config="true" signature="launchAplication()[pri:0, instance:freddycomapany.ecommerceaplication.Tests.ErrorValidation@748741cb]" started-at="2025-11-10T18:52:28 CST" name="launchAplication" finished-at="2025-11-10T18:52:43 CST" duration-ms="15062" status="PASS">
          <reporter-output>
          </reporter-output>
        </test-method> <!-- launchAplication -->
        <test-method signature="validationLoginFailed()[pri:0, instance:freddycomapany.ecommerceaplication.Tests.ErrorValidation@748741cb]" started-at="2025-11-10T18:52:43 CST" name="validationLoginFailed" finished-at="2025-11-10T18:52:45 CST" duration-ms="1583" status="FAIL">
          <exception class="java.lang.AssertionError">
            <message>
              <![CDATA[expected [Incorrect email or passwod.] but found [Incorrect email or password.]]]>
            </message>
            <full-stacktrace>
              <![CDATA[java.lang.AssertionError: expected [Incorrect email or passwod.] but found [Incorrect email or password.]
at org.testng.Assert.fail(Assert.java:111)
at org.testng.Assert.failNotEquals(Assert.java:1590)
at org.testng.Assert.assertEqualsImpl(Assert.java:150)
at org.testng.Assert.assertEquals(Assert.java:132)
at org.testng.Assert.assertEquals(Assert.java:656)
at org.testng.Assert.assertEquals(Assert.java:666)
at freddycomapany.ecommerceaplication.Tests.ErrorValidation.validationLoginFailed(ErrorValidation.java:20)
at java.base/jdk.internal.reflect.DirectMethodHandleAccessor.invoke(DirectMethodHandleAccessor.java:103)
at java.base/java.lang.reflect.Method.invoke(Method.java:580)
at org.testng.internal.invokers.MethodInvocationHelper.invokeMethod(MethodInvocationHelper.java:141)
at org.testng.internal.invokers.TestInvoker.invokeMethod(TestInvoker.java:687)
at org.testng.internal.invokers.TestInvoker.retryFailed(TestInvoker.java:269)
at org.testng.internal.invokers.MethodRunner.runInSequence(MethodRunner.java:76)
at org.testng.internal.invokers.TestInvoker$MethodInvocationAgent.invoke(TestInvoker.java:995)
at org.testng.internal.invokers.TestInvoker.invokeTestMethods(TestInvoker.java:203)
at org.testng.internal.invokers.TestMethodWorker.invokeTestMethods(TestMethodWorker.java:154)
at org.testng.internal.invokers.TestMethodWorker.run(TestMethodWorker.java:134)
at java.base/java.util.ArrayList.forEach(ArrayList.java:1596)
at org.testng.TestRunner.privateRun(TestRunner.java:741)
at org.testng.TestRunner.run(TestRunner.java:616)
at org.testng.SuiteRunner.runTest(SuiteRunner.java:421)
at org.testng.SuiteRunner$SuiteWorker.run(SuiteRunner.java:463)
at org.testng.internal.thread.ThreadUtil.lambda$execute$0(ThreadUtil.java:64)
at java.base/java.util.concurrent.FutureTask.run(FutureTask.java:317)
at java.base/java.util.concurrent.ThreadPoolExecutor.runWorker(ThreadPoolExecutor.java:1144)
at java.base/java.util.concurrent.ThreadPoolExecutor$Worker.run(ThreadPoolExecutor.java:642)
at java.base/java.lang.Thread.run(Thread.java:1583)
]]>
            </full-stacktrace>
          </exception> <!-- java.lang.AssertionError -->
          <reporter-output>
          </reporter-output>
        </test-method> <!-- validationLoginFailed -->
        <test-method is-config="true" signature="closeAplication()[pri:0, instance:freddycomapany.ecommerceaplication.Tests.ErrorValidation@748741cb]" started-at="2025-11-10T18:52:45 CST" name="closeAplication" finished-at="2025-11-10T18:52:45 CST" duration-ms="113" status="PASS">
          <reporter-output>
          </reporter-output>
        </test-method> <!-- closeAplication -->
      </class> <!-- freddycomapany.ecommerceaplication.Tests.ErrorValidation -->
    </test> <!-- Errors Validation -->
  </suite> <!-- Suite -->
</testng-results>
