<?xml version="1.0" encoding="UTF-8"?>
<testng-results ignored="0" total="1" passed="1" failed="0" skipped="0">
  <reporter-output>
  </reporter-output>
  <suite started-at="2026-03-11T22:54:18 CST" name="Default suite" finished-at="2026-03-11T22:54:27 CST" duration-ms="9430">
    <groups>
    </groups>
    <test started-at="2026-03-11T22:54:18 CST" name="Default test" finished-at="2026-03-11T22:54:27 CST" duration-ms="9430">
      <class name="FreddyCompany.UploadDowloadTestProject.AppTest">
        <test-method signature="UploadDownloadTest()[pri:0, instance:FreddyCompany.UploadDowloadTestProject.AppTest@292b08d6]" started-at="2026-03-11T22:54:18 CST" name="UploadDownloadTest" finished-at="2026-03-11T22:54:27 CST" duration-ms="9402" status="PASS">
          <reporter-output>
          </reporter-output>
        </test-method> <!-- UploadDownloadTest -->
      </class> <!-- FreddyCompany.UploadDowloadTestProject.AppTest -->
    </test> <!-- Default test -->
  </suite> <!-- Default suite -->
</testng-results>
