<?xml version="1.0" encoding="UTF-8"?>
<testng-results ignored="0" total="1" passed="1" failed="0" skipped="0">
  <reporter-output>
  </reporter-output>
  <suite started-at="2026-03-16T20:49:38 CST" name="Default suite" finished-at="2026-03-16T20:49:49 CST" duration-ms="11784">
    <groups>
    </groups>
    <test started-at="2026-03-16T20:49:38 CST" name="Default test" finished-at="2026-03-16T20:49:49 CST" duration-ms="11784">
      <class name="FreddyCompany.UploadDowloadTestProject.AppTest">
        <test-method signature="UploadDownloadTest()[pri:0, instance:FreddyCompany.UploadDowloadTestProject.AppTest@34e9fd99]" started-at="2026-03-16T20:49:38 CST" name="UploadDownloadTest" finished-at="2026-03-16T20:49:49 CST" duration-ms="11757" status="PASS">
          <reporter-output>
          </reporter-output>
        </test-method> <!-- UploadDownloadTest -->
      </class> <!-- FreddyCompany.UploadDowloadTestProject.AppTest -->
    </test> <!-- Default test -->
  </suite> <!-- Default suite -->
</testng-results>
