<?xml version="1.0" encoding="UTF-8"?>
<testng-results ignored="0" total="1" passed="1" failed="0" skipped="0">
  <reporter-output>
  </reporter-output>
  <suite started-at="2026-04-15T19:35:42 CST" name="Default suite" finished-at="2026-04-15T19:35:44 CST" duration-ms="1932">
    <groups>
    </groups>
    <test started-at="2026-04-15T19:35:42 CST" name="Default test" finished-at="2026-04-15T19:35:44 CST" duration-ms="1932">
      <class name="FreddyCompany.DataBaseTestingTest.AppTest">
        <test-method signature="shouldAnswerWithTrue()[pri:0, instance:FreddyCompany.DataBaseTestingTest.AppTest@7c7b252e]" started-at="2026-04-15T19:35:42 CST" name="shouldAnswerWithTrue" finished-at="2026-04-15T19:35:44 CST" duration-ms="1910" status="PASS">
          <reporter-output>
          </reporter-output>
        </test-method> <!-- shouldAnswerWithTrue -->
      </class> <!-- FreddyCompany.DataBaseTestingTest.AppTest -->
    </test> <!-- Default test -->
  </suite> <!-- Default suite -->
</testng-results>
