<?xml version="1.0" encoding="UTF-8"?>
<!-- Generated by org.testng.reporters.JUnitReportReporter -->
<testsuite hostname="DESKTOP-19SP90M" failures="0" tests="2" name="freddycomapany.ecommerceaplication.Tests.ErrorValidation" time="15.102" errors="0" timestamp="2025-11-12T22:04:15 CST" skipped="0">
  <testcase classname="freddycomapany.ecommerceaplication.Tests.ErrorValidation" name="validateProductIsAddInCard" time="9.687"/>
  <testcase classname="freddycomapany.ecommerceaplication.Tests.ErrorValidation" name="validationLoginFailed" time="5.415"/>
</testsuite> <!-- freddycomapany.ecommerceaplication.Tests.ErrorValidation -->
