<?xml version="1.0" encoding="UTF-8"?>
<!-- Generated by org.testng.reporters.JUnitReportReporter -->
<testsuite hostname="FreddyGarcía" failures="0" tests="1" name="freddycomapany.ecommerceaplication.Tests.ValidationLoginFailed" time="5.543" errors="0" timestamp="2025-10-05T13:03:52 CST" skipped="0">
  <testcase classname="freddycomapany.ecommerceaplication.Tests.ValidationLoginFailed" name="validationLoginFailed" time="5.543"/>
</testsuite> <!-- freddycomapany.ecommerceaplication.Tests.ValidationLoginFailed -->
