<?xml version="1.0" encoding="UTF-8"?>
<!-- Generated by org.testng.reporters.JUnitReportReporter -->
<testsuite hostname="DESKTOP-19SP90M" failures="0" tests="3" name="freddycomapany.ecommerceaplication.Tests.BuyPath" time="24.849" errors="0" timestamp="2025-11-12T22:04:15 CST" skipped="0">
  <testcase classname="freddycomapany.ecommerceaplication.Tests.BuyPath" name="ReadAndBuyProducts" time="9.254"/>
  <testcase classname="freddycomapany.ecommerceaplication.Tests.BuyPath" name="ValidateProductHistory" time="5.871"/>
  <testcase classname="freddycomapany.ecommerceaplication.Tests.BuyPath" name="ReadAndBuyProducts" time="9.724"/>
</testsuite> <!-- freddycomapany.ecommerceaplication.Tests.BuyPath -->
