<?xml version="1.0" encoding="UTF-8"?>
<!-- Generated by org.testng.reporters.JUnitReportReporter -->
<testsuite hostname="FreddyGarcía" failures="0" tests="3" name="FreddyCompanys.EcommerceAplication.BuyPath" time="15.783" errors="0" timestamp="2025-10-04T21:18:34 CST" skipped="1">
  <testcase classname="FreddyCompanys.EcommerceAplication.BuyPath" name="Login" time="0.310"/>
  <testcase classname="FreddyCompanys.EcommerceAplication.BuyPath" name="ReadAndBuyProducts" time="15.473"/>
  <testcase classname="FreddyCompanys.EcommerceAplication.BuyPath" name="RegisterUser">
    <skipped/>
  </testcase> <!-- RegisterUser -->
</testsuite> <!-- FreddyCompanys.EcommerceAplication.BuyPath -->
