<?xml version="1.0" encoding="UTF-8"?>
<!-- Generated by org.testng.reporters.JUnitReportReporter -->
<testsuite hostname="DESKTOP-19SP90M" failures="0" tests="1" name="freddycomapany.ecommerceaplication.Cucumber.testNGTestRunner" time="33.716" errors="0" timestamp="2025-11-10T19:33:50 CST" skipped="0">
  <testcase classname="freddycomapany.ecommerceaplication.Cucumber.testNGTestRunner" name="runScenario" time="33.716"/>
</testsuite> <!-- freddycomapany.ecommerceaplication.Cucumber.testNGTestRunner -->
