<?xml version="1.0" encoding="UTF-8"?>
<!-- Generated by org.testng.reporters.JUnitReportReporter -->
<testsuite hostname="DESKTOP-19SP90M" failures="0" tests="2" name="freddycomapany.ecommerceaplication.Tests.ErrorValidation" time="142.462" errors="0" timestamp="2025-11-13T19:05:49 CST" skipped="0">
  <testcase classname="freddycomapany.ecommerceaplication.Tests.ErrorValidation" name="validationLoginFailed" time="69.196"/>
  <testcase classname="freddycomapany.ecommerceaplication.Tests.ErrorValidation" name="validateProductIsAddInCard" time="73.266"/>
</testsuite> <!-- freddycomapany.ecommerceaplication.Tests.ErrorValidation -->
