<?xml version="1.0" encoding="UTF-8"?>
<!-- Generated by org.testng.reporters.JUnitReportReporter -->
<testsuite hostname="DESKTOP-19SP90M" failures="0" tests="1" name="freddycomapany.ecommerceaplication.Cucumber.testNGTestRunner" time="10.521" errors="0" timestamp="2025-11-13T20:03:48 CST" skipped="0">
  <testcase classname="freddycomapany.ecommerceaplication.Cucumber.testNGTestRunner" name="runScenario" time="10.521"/>
</testsuite> <!-- freddycomapany.ecommerceaplication.Cucumber.testNGTestRunner -->
