<?xml version="1.0" encoding="UTF-8"?>
<!-- Generated by org.testng.reporters.JUnitXMLReporter -->
<testsuite ignored="0" hostname="FreddyGarcía" failures="0" tests="11" name="Test" time="0.11" errors="0" timestamp="2025-09-29T18:16:39 CST">
  <testcase classname="test.PracticeOne" name="Practice1RegisterPage" time="0.013"/>
  <testcase classname="test.PracticeOne" name="Practice1authPage" time="0.002"/>
  <testcase classname="test.PracticeOne" name="Practice1loginPage" time="0.001"/>
  <testcase classname="test.Practice2" name="Practice2CoursePage" time="0.001"/>
  <testcase classname="test.Practice2" name="Practice2HomePage" time="0.011"/>
  <testcase classname="test.Practice3" name="Practice2Api" time="0.003"/>
  <testcase classname="test.Practice3" name="Practice3Mobile" time="0.001"/>
  <testcase classname="test.Practice3" name="Practice3WebPage" time="0.001"/>
  <testcase classname="test.Practice4" name="Practice4Api" time="0.001"/>
  <testcase classname="test.Practice4" name="Practice4Api2" time="0.002"/>
  <testcase classname="test.Practice4" name="Practice4Api3" time="0.002"/>
</testsuite> <!-- Test -->
